{
  "stats": {
    "suites": 11,
    "tests": 11,
    "passes": 5,
    "pending": 0,
    "failures": 6,
    "testsRegistered": 11,
    "passPercent": 45.45454545454545,
    "pendingPercent": 0,
    "other": 0,
    "hasOther": false,
    "skipped": 0,
    "hasSkipped": false,
    "start": "2025-02-01T23:12:08.816Z",
    "end": "2025-02-02T00:24:05.254Z",
    "duration": 4316438
  },
  "results": [
    {
      "uuid": "77bf4e0e-4da6-44f7-922c-dd56c9dbb0ff",
      "title": "",
      "fullFile": "cypress\\e2e\\spec.cy.js",
      "file": "cypress\\e2e\\spec.cy.js",
      "beforeHooks": [],
      "afterHooks": [],
      "tests": [],
      "suites": [
        {
          "uuid": "26908875-08f6-4a3e-9106-3b42ab3820ea",
          "title": "Página de Ejemplo",
          "fullFile": "",
          "file": "",
          "beforeHooks": [],
          "afterHooks": [],
          "tests": [
            {
              "title": "Visita una página y verifica el título",
              "fullTitle": "Página de Ejemplo Visita una página y verifica el título",
              "timedOut": null,
              "duration": 624,
              "state": "passed",
              "speed": "fast",
              "pass": true,
              "fail": false,
              "pending": false,
              "context": null,
              "code": "cy.visit('https://example.cypress.io');\ncy.title().should('include', 'Cypress');",
              "err": {},
              "uuid": "4bcedffd-1b76-4e55-966e-cdc90c48443c",
              "parentUUID": "26908875-08f6-4a3e-9106-3b42ab3820ea",
              "isHook": false,
              "skipped": false
            }
          ],
          "suites": [],
          "passes": [
            "4bcedffd-1b76-4e55-966e-cdc90c48443c"
          ],
          "failures": [],
          "pending": [],
          "skipped": [],
          "duration": 624,
          "root": false,
          "rootEmpty": false,
          "_timeout": 2000
        }
      ],
      "passes": [],
      "failures": [],
      "pending": [],
      "skipped": [],
      "duration": 0,
      "root": true,
      "rootEmpty": true,
      "_timeout": 2000
    },
    {
      "uuid": "96f0e9be-2345-4c76-96be-99fee4287634",
      "title": "",
      "fullFile": "cypress\\e2e\\spec.cy.js",
      "file": "cypress\\e2e\\spec.cy.js",
      "beforeHooks": [],
      "afterHooks": [],
      "tests": [],
      "suites": [
        {
          "uuid": "fe8980ce-fb7b-4dc3-95c9-d6389582f8ca",
          "title": "Página de Ejemplo",
          "fullFile": "",
          "file": "",
          "beforeHooks": [],
          "afterHooks": [],
          "tests": [
            {
              "title": "Visita una página y verifica el título",
              "fullTitle": "Página de Ejemplo Visita una página y verifica el título",
              "timedOut": null,
              "duration": 670,
              "state": "passed",
              "speed": "fast",
              "pass": true,
              "fail": false,
              "pending": false,
              "context": null,
              "code": "cy.visit('https://example.cypress.io');\ncy.title().should('include', 'Cypress');",
              "err": {},
              "uuid": "a41ec26a-0525-47c8-a768-f3194cc678bb",
              "parentUUID": "fe8980ce-fb7b-4dc3-95c9-d6389582f8ca",
              "isHook": false,
              "skipped": false
            }
          ],
          "suites": [],
          "passes": [
            "a41ec26a-0525-47c8-a768-f3194cc678bb"
          ],
          "failures": [],
          "pending": [],
          "skipped": [],
          "duration": 670,
          "root": false,
          "rootEmpty": false,
          "_timeout": 2000
        }
      ],
      "passes": [],
      "failures": [],
      "pending": [],
      "skipped": [],
      "duration": 0,
      "root": true,
      "rootEmpty": true,
      "_timeout": 2000
    },
    {
      "uuid": "fc27514c-48ac-48eb-8125-fb34f8c5ced6",
      "title": "",
      "fullFile": "cypress\\e2e\\spec.cy.js",
      "file": "cypress\\e2e\\spec.cy.js",
      "beforeHooks": [],
      "afterHooks": [],
      "tests": [],
      "suites": [
        {
          "uuid": "0642d506-c626-4bcd-a72d-f02e56b6efc9",
          "title": "Página de Ejemplo",
          "fullFile": "",
          "file": "",
          "beforeHooks": [],
          "afterHooks": [],
          "tests": [
            {
              "title": "Visita una página y verifica el título",
              "fullTitle": "Página de Ejemplo Visita una página y verifica el título",
              "timedOut": null,
              "duration": 2213,
              "state": "failed",
              "speed": null,
              "pass": false,
              "fail": true,
              "pending": false,
              "context": null,
              "code": "cy.visit('https://example.cypress.io');\ncy.title().should('include', 'Cypress');",
              "err": {
                "message": "AssertionError: object tested must be an array, a map, an object, a set, a string, or a weakset, but undefined given",
                "estack": "AssertionError: object tested must be an array, a map, an object, a set, a string, or a weakset, but undefined given\n    at captureUserInvocationStack (https://example.cypress.io/__cypress/runner/cypress_runner.js:138885:94)\n    at $Cy.expect (https://example.cypress.io/__cypress/runner/cypress_runner.js:138923:7)\n    at shouldFn (https://example.cypress.io/__cypress/runner/cypress_runner.js:117807:18)\n    at should (https://example.cypress.io/__cypress/runner/cypress_runner.js:117921:23)\n    at originalFn (https://example.cypress.io/__cypress/runner/cypress_runner.js:111048:30)\n    at Context.eval (webpack:///./cypress/support/commands.js:2:11)\n    at overridden.fn (https://example.cypress.io/__cypress/runner/cypress_runner.js:111053:21)\n    at wrapped (https://example.cypress.io/__cypress/runner/cypress_runner.js:137883:19)",
                "diff": null
              },
              "uuid": "65515a61-7ad6-4bc3-8f04-000d8f2b7960",
              "parentUUID": "0642d506-c626-4bcd-a72d-f02e56b6efc9",
              "isHook": false,
              "skipped": false
            }
          ],
          "suites": [],
          "passes": [],
          "failures": [
            "65515a61-7ad6-4bc3-8f04-000d8f2b7960"
          ],
          "pending": [],
          "skipped": [],
          "duration": 2213,
          "root": false,
          "rootEmpty": false,
          "_timeout": 2000
        }
      ],
      "passes": [],
      "failures": [],
      "pending": [],
      "skipped": [],
      "duration": 0,
      "root": true,
      "rootEmpty": true,
      "_timeout": 2000
    },
    {
      "uuid": "99f5cbca-11f2-4b25-bbfa-79ffcf410f79",
      "title": "",
      "fullFile": "cypress\\e2e\\spec.cy.js",
      "file": "cypress\\e2e\\spec.cy.js",
      "beforeHooks": [],
      "afterHooks": [],
      "tests": [],
      "suites": [
        {
          "uuid": "e8b4340a-7936-4593-9ec9-6877a438eeee",
          "title": "Página de Ejemplo",
          "fullFile": "",
          "file": "",
          "beforeHooks": [],
          "afterHooks": [],
          "tests": [
            {
              "title": "Visita una página y verifica el título",
              "fullTitle": "Página de Ejemplo Visita una página y verifica el título",
              "timedOut": null,
              "duration": 2141,
              "state": "failed",
              "speed": null,
              "pass": false,
              "fail": true,
              "pending": false,
              "context": null,
              "code": "cy.visit('https://example.cypress.io');\ncy.title().should('include', 'Cypress');",
              "err": {
                "message": "AssertionError: object tested must be an array, a map, an object, a set, a string, or a weakset, but undefined given",
                "estack": "AssertionError: object tested must be an array, a map, an object, a set, a string, or a weakset, but undefined given\n    at captureUserInvocationStack (https://example.cypress.io/__cypress/runner/cypress_runner.js:138885:94)\n    at $Cy.expect (https://example.cypress.io/__cypress/runner/cypress_runner.js:138923:7)\n    at shouldFn (https://example.cypress.io/__cypress/runner/cypress_runner.js:117807:18)\n    at should (https://example.cypress.io/__cypress/runner/cypress_runner.js:117921:23)\n    at originalFn (https://example.cypress.io/__cypress/runner/cypress_runner.js:111048:30)\n    at Context.eval (webpack:///./cypress/support/commands.js:2:11)\n    at overridden.fn (https://example.cypress.io/__cypress/runner/cypress_runner.js:111053:21)\n    at wrapped (https://example.cypress.io/__cypress/runner/cypress_runner.js:137883:19)",
                "diff": null
              },
              "uuid": "378c54a9-1f62-4b40-841d-7ebbd068fc52",
              "parentUUID": "e8b4340a-7936-4593-9ec9-6877a438eeee",
              "isHook": false,
              "skipped": false
            }
          ],
          "suites": [],
          "passes": [],
          "failures": [
            "378c54a9-1f62-4b40-841d-7ebbd068fc52"
          ],
          "pending": [],
          "skipped": [],
          "duration": 2141,
          "root": false,
          "rootEmpty": false,
          "_timeout": 2000
        }
      ],
      "passes": [],
      "failures": [],
      "pending": [],
      "skipped": [],
      "duration": 0,
      "root": true,
      "rootEmpty": true,
      "_timeout": 2000
    },
    {
      "uuid": "9f648fe6-c0f2-4ebe-b628-9381b5d9ae1c",
      "title": "",
      "fullFile": "cypress\\e2e\\spec.cy.js",
      "file": "cypress\\e2e\\spec.cy.js",
      "beforeHooks": [],
      "afterHooks": [],
      "tests": [],
      "suites": [
        {
          "uuid": "36adba58-8789-4ffe-854a-4a2d055f5884",
          "title": "Página de Ejemplo",
          "fullFile": "",
          "file": "",
          "beforeHooks": [],
          "afterHooks": [],
          "tests": [
            {
              "title": "Visita una página y verifica el título",
              "fullTitle": "Página de Ejemplo Visita una página y verifica el título",
              "timedOut": null,
              "duration": 2053,
              "state": "failed",
              "speed": null,
              "pass": false,
              "fail": true,
              "pending": false,
              "context": null,
              "code": "cy.visit('https://example.cypress.io');\ncy.title().should('include', 'Cypress').screenshot('mi-captura-exitosa');",
              "err": {
                "message": "AssertionError: object tested must be an array, a map, an object, a set, a string, or a weakset, but undefined given",
                "estack": "AssertionError: object tested must be an array, a map, an object, a set, a string, or a weakset, but undefined given\n    at captureUserInvocationStack (https://example.cypress.io/__cypress/runner/cypress_runner.js:138885:94)\n    at $Cy.expect (https://example.cypress.io/__cypress/runner/cypress_runner.js:138923:7)\n    at shouldFn (https://example.cypress.io/__cypress/runner/cypress_runner.js:117807:18)\n    at should (https://example.cypress.io/__cypress/runner/cypress_runner.js:117921:23)\n    at originalFn (https://example.cypress.io/__cypress/runner/cypress_runner.js:111048:30)\n    at Context.eval (webpack:///./cypress/support/commands.js:2:11)\n    at overridden.fn (https://example.cypress.io/__cypress/runner/cypress_runner.js:111053:21)\n    at wrapped (https://example.cypress.io/__cypress/runner/cypress_runner.js:137883:19)",
                "diff": null
              },
              "uuid": "a1ed268d-255e-418a-9346-9b6fd3c8c432",
              "parentUUID": "36adba58-8789-4ffe-854a-4a2d055f5884",
              "isHook": false,
              "skipped": false
            }
          ],
          "suites": [],
          "passes": [],
          "failures": [
            "a1ed268d-255e-418a-9346-9b6fd3c8c432"
          ],
          "pending": [],
          "skipped": [],
          "duration": 2053,
          "root": false,
          "rootEmpty": false,
          "_timeout": 2000
        }
      ],
      "passes": [],
      "failures": [],
      "pending": [],
      "skipped": [],
      "duration": 0,
      "root": true,
      "rootEmpty": true,
      "_timeout": 2000
    },
    {
      "uuid": "4ac2e7ff-218c-4395-9bf2-d1e2162a6738",
      "title": "",
      "fullFile": "cypress\\e2e\\spec.cy.js",
      "file": "cypress\\e2e\\spec.cy.js",
      "beforeHooks": [],
      "afterHooks": [],
      "tests": [],
      "suites": [
        {
          "uuid": "b8c004b6-4d93-4374-887f-7fa96ec4b20f",
          "title": "Página de Ejemplo",
          "fullFile": "",
          "file": "",
          "beforeHooks": [],
          "afterHooks": [],
          "tests": [
            {
              "title": "Visita una página y verifica el título",
              "fullTitle": "Página de Ejemplo Visita una página y verifica el título",
              "timedOut": null,
              "duration": 2185,
              "state": "failed",
              "speed": null,
              "pass": false,
              "fail": true,
              "pending": false,
              "context": null,
              "code": "cy.visit('https://example.cypress.io');\ncy.title().should('include', 'Cypress.io: Kitchen Sink').screenshot('mi-captura-exitosa');",
              "err": {
                "message": "AssertionError: object tested must be an array, a map, an object, a set, a string, or a weakset, but undefined given",
                "estack": "AssertionError: object tested must be an array, a map, an object, a set, a string, or a weakset, but undefined given\n    at captureUserInvocationStack (https://example.cypress.io/__cypress/runner/cypress_runner.js:138885:94)\n    at $Cy.expect (https://example.cypress.io/__cypress/runner/cypress_runner.js:138923:7)\n    at shouldFn (https://example.cypress.io/__cypress/runner/cypress_runner.js:117807:18)\n    at should (https://example.cypress.io/__cypress/runner/cypress_runner.js:117921:23)\n    at originalFn (https://example.cypress.io/__cypress/runner/cypress_runner.js:111048:30)\n    at Context.eval (webpack:///./cypress/support/commands.js:2:11)\n    at overridden.fn (https://example.cypress.io/__cypress/runner/cypress_runner.js:111053:21)\n    at wrapped (https://example.cypress.io/__cypress/runner/cypress_runner.js:137883:19)",
                "diff": null
              },
              "uuid": "b9ccb6ba-5ee5-49a0-adb7-4f48d1f62a89",
              "parentUUID": "b8c004b6-4d93-4374-887f-7fa96ec4b20f",
              "isHook": false,
              "skipped": false
            }
          ],
          "suites": [],
          "passes": [],
          "failures": [
            "b9ccb6ba-5ee5-49a0-adb7-4f48d1f62a89"
          ],
          "pending": [],
          "skipped": [],
          "duration": 2185,
          "root": false,
          "rootEmpty": false,
          "_timeout": 2000
        }
      ],
      "passes": [],
      "failures": [],
      "pending": [],
      "skipped": [],
      "duration": 0,
      "root": true,
      "rootEmpty": true,
      "_timeout": 2000
    },
    {
      "uuid": "c729ba4d-1d38-4126-9661-c9fa0d08cac5",
      "title": "",
      "fullFile": "cypress\\e2e\\spec.cy.js",
      "file": "cypress\\e2e\\spec.cy.js",
      "beforeHooks": [],
      "afterHooks": [],
      "tests": [],
      "suites": [
        {
          "uuid": "c2aa162b-2995-4a07-b154-1e72c01293b4",
          "title": "Página de Ejemplo",
          "fullFile": "",
          "file": "",
          "beforeHooks": [],
          "afterHooks": [],
          "tests": [
            {
              "title": "Visita una página y verifica el título",
              "fullTitle": "Página de Ejemplo Visita una página y verifica el título",
              "timedOut": null,
              "duration": 2068,
              "state": "failed",
              "speed": null,
              "pass": false,
              "fail": true,
              "pending": false,
              "context": null,
              "code": "cy.visit('https://example.cypress.io');\ncy.get(\".navbar-brand\").should('be.visible');",
              "err": {
                "message": "CypressError: You attempted to make a chai-jQuery assertion on an object that is neither a DOM object or a jQuery object.\n\nThe chai-jQuery assertion you used was:\n\n  > visible\n\nThe invalid subject you asserted on was:\n\n  > undefined\n\nTo use chai-jQuery assertions your subject must be valid.\n\nThis can sometimes happen if a previous assertion changed the subject.",
                "estack": "CypressError: You attempted to make a chai-jQuery assertion on an object that is neither a DOM object or a jQuery object.\n\nThe chai-jQuery assertion you used was:\n\n  > visible\n\nThe invalid subject you asserted on was:\n\n  > undefined\n\nTo use chai-jQuery assertions your subject must be valid.\n\nThis can sometimes happen if a previous assertion changed the subject.\n    at Object.onInvalid (https://example.cypress.io/__cypress/runner/cypress_runner.js:138560:68)\n    at assertDom (https://example.cypress.io/__cypress/runner/cypress_runner.js:139214:26)\n    at assert (https://example.cypress.io/__cypress/runner/cypress_runner.js:139219:5)\n    at Assertion.<anonymous> (https://example.cypress.io/__cypress/runner/cypress_runner.js:139310:14)\n    at Assertion.propertyGetter (https://example.cypress.io/__cypress/runner/cypress_runner.js:77585:29)\n    at Reflect.get (<anonymous>)\n    at Object.proxyGetter [as get] (https://example.cypress.io/__cypress/runner/cypress_runner.js:77869:22)\n    at applyChainer (https://example.cypress.io/__cypress/runner/cypress_runner.js:117844:27)\n    at <unknown> (https://example.cypress.io/__cypress/runner/cypress_runner.js:117900:16)\n    at arrayReduce (https://example.cypress.io/__cypress/runner/cypress_runner.js:18675:21)\n    at Function.reduce (https://example.cypress.io/__cypress/runner/cypress_runner.js:27727:14)\n    at applyChainers (https://example.cypress.io/__cypress/runner/cypress_runner.js:117878:68)\n    at tryCatcher (https://example.cypress.io/__cypress/runner/cypress_runner.js:1777:23)\n    at Promise.attempt.Promise.try (https://example.cypress.io/__cypress/runner/cypress_runner.js:4285:29)\n    at shouldFn (https://example.cypress.io/__cypress/runner/cypress_runner.js:117904:66)\n    at should (https://example.cypress.io/__cypress/runner/cypress_runner.js:117921:23)\n    at originalFn (https://example.cypress.io/__cypress/runner/cypress_runner.js:111048:30)\n    at Context.eval (webpack:///./cypress/support/commands.js:2:11)\n    at overridden.fn (https://example.cypress.io/__cypress/runner/cypress_runner.js:111053:21)\n    at wrapped (https://example.cypress.io/__cypress/runner/cypress_runner.js:137883:19)\nFrom Your Spec Code:\n    at captureUserInvocationStack (https://example.cypress.io/__cypress/runner/cypress_runner.js:138885:94)\n    at Assertion.assert (https://example.cypress.io/__cypress/runner/cypress_runner.js:138913:9)\n    at assertDom (https://example.cypress.io/__cypress/runner/cypress_runner.js:139212:20)\n    at assert (https://example.cypress.io/__cypress/runner/cypress_runner.js:139219:5)\n    at Assertion.<anonymous> (https://example.cypress.io/__cypress/runner/cypress_runner.js:139310:14)\n    at Assertion.propertyGetter (https://example.cypress.io/__cypress/runner/cypress_runner.js:77585:29)\nat Reflect.get (<anonymous>)\n    at Object.proxyGetter [as get] (https://example.cypress.io/__cypress/runner/cypress_runner.js:77869:22)\n    at applyChainer (https://example.cypress.io/__cypress/runner/cypress_runner.js:117844:27)\n    at <unknown> (https://example.cypress.io/__cypress/runner/cypress_runner.js:117900:16)",
                "diff": null
              },
              "uuid": "4b8196ec-2a73-4838-a564-4d68e13c9c2d",
              "parentUUID": "c2aa162b-2995-4a07-b154-1e72c01293b4",
              "isHook": false,
              "skipped": false
            }
          ],
          "suites": [],
          "passes": [],
          "failures": [
            "4b8196ec-2a73-4838-a564-4d68e13c9c2d"
          ],
          "pending": [],
          "skipped": [],
          "duration": 2068,
          "root": false,
          "rootEmpty": false,
          "_timeout": 2000
        }
      ],
      "passes": [],
      "failures": [],
      "pending": [],
      "skipped": [],
      "duration": 0,
      "root": true,
      "rootEmpty": true,
      "_timeout": 2000
    },
    {
      "uuid": "34a901e7-f001-4e2c-b3d9-833666fecae3",
      "title": "",
      "fullFile": "cypress\\e2e\\spec.cy.js",
      "file": "cypress\\e2e\\spec.cy.js",
      "beforeHooks": [],
      "afterHooks": [],
      "tests": [],
      "suites": [
        {
          "uuid": "51c05cc8-e6c8-4bdb-b202-eb32a21ab913",
          "title": "Página de Ejemplo",
          "fullFile": "",
          "file": "",
          "beforeHooks": [],
          "afterHooks": [],
          "tests": [
            {
              "title": "Visita una página y verifica el título",
              "fullTitle": "Página de Ejemplo Visita una página y verifica el título",
              "timedOut": null,
              "duration": 8639,
              "state": "failed",
              "speed": null,
              "pass": false,
              "fail": true,
              "pending": false,
              "context": null,
              "code": "cy.visit('https://example.cypress.io');\ncy.title().should('include', 'Commands').screenshot('mi-captura-exitosa');",
              "err": {
                "message": "AssertionError: Timed out retrying after 8000ms: expected 'Cypress.io: Kitchen Sink' to include 'Commands'",
                "estack": "AssertionError: Timed out retrying after 8000ms: expected 'Cypress.io: Kitchen Sink' to include 'Commands'\n    at Context.eval (webpack:///./cypress/e2e/spec.cy.js:4:15)",
                "diff": null
              },
              "uuid": "76161a0e-40c7-4917-ab3b-b4d87b280252",
              "parentUUID": "51c05cc8-e6c8-4bdb-b202-eb32a21ab913",
              "isHook": false,
              "skipped": false
            }
          ],
          "suites": [],
          "passes": [],
          "failures": [
            "76161a0e-40c7-4917-ab3b-b4d87b280252"
          ],
          "pending": [],
          "skipped": [],
          "duration": 8639,
          "root": false,
          "rootEmpty": false,
          "_timeout": 2000
        }
      ],
      "passes": [],
      "failures": [],
      "pending": [],
      "skipped": [],
      "duration": 0,
      "root": true,
      "rootEmpty": true,
      "_timeout": 2000
    },
    {
      "uuid": "a6cef742-ca65-4fc7-9e48-56d1cf621ac2",
      "title": "",
      "fullFile": "cypress\\e2e\\test01.scpec.cy.js",
      "file": "cypress\\e2e\\test01.scpec.cy.js",
      "beforeHooks": [],
      "afterHooks": [],
      "tests": [],
      "suites": [
        {
          "uuid": "7d8dd708-fbfa-4079-9791-b8a486665d5b",
          "title": "Navigate to Insights",
          "fullFile": "",
          "file": "",
          "beforeHooks": [],
          "afterHooks": [],
          "tests": [
            {
              "title": "",
              "fullTitle": "Navigate to Insights ",
              "timedOut": null,
              "duration": 19853,
              "state": "passed",
              "speed": "slow",
              "pass": true,
              "fail": false,
              "pending": false,
              "context": null,
              "code": "_Home.default.acceptOurPolicy();\n_Home.default.goToInsightsPage();\n_Insights.default.clicOnBlog();\n_Insights.default.searchArticle();\n_Insights.default.verifyPage();",
              "err": {},
              "uuid": "b87d2cf5-263e-4465-976a-f89b033d0dc5",
              "parentUUID": "7d8dd708-fbfa-4079-9791-b8a486665d5b",
              "isHook": false,
              "skipped": false
            }
          ],
          "suites": [],
          "passes": [
            "b87d2cf5-263e-4465-976a-f89b033d0dc5"
          ],
          "failures": [],
          "pending": [],
          "skipped": [],
          "duration": 19853,
          "root": false,
          "rootEmpty": false,
          "_timeout": 2000
        }
      ],
      "passes": [],
      "failures": [],
      "pending": [],
      "skipped": [],
      "duration": 0,
      "root": true,
      "rootEmpty": true,
      "_timeout": 2000
    },
    {
      "uuid": "327cdfa5-b210-48b5-9d80-c568dbc97faf",
      "title": "",
      "fullFile": "cypress\\e2e\\test02.spect.cy.js",
      "file": "cypress\\e2e\\test02.spect.cy.js",
      "beforeHooks": [],
      "afterHooks": [],
      "tests": [],
      "suites": [
        {
          "uuid": "c1b4d019-5f10-40df-b2ee-5a37cf4d8bbe",
          "title": "Become a cutomer",
          "fullFile": "",
          "file": "",
          "beforeHooks": [],
          "afterHooks": [],
          "tests": [
            {
              "title": "Successful form registration",
              "fullTitle": "Become a cutomer Successful form registration",
              "timedOut": null,
              "duration": 20739,
              "state": "passed",
              "speed": "slow",
              "pass": true,
              "fail": false,
              "pending": false,
              "context": null,
              "code": "_Home.default.acceptOurPolicy();\n_Contact.default.clickOnBecomeAClient();\n_Contact.default.BecomeClientCreatedInTheForm();\n_Contact.default.newCustomerRegistrationEntered();\n_Home.default.goToInsightsPage();\n_Insights.default.clicOnBlog();\n_Contact.default.printAllPostTitles();",
              "err": {},
              "uuid": "38e85760-c705-4a49-85db-1f2715562a99",
              "parentUUID": "c1b4d019-5f10-40df-b2ee-5a37cf4d8bbe",
              "isHook": false,
              "skipped": false
            }
          ],
          "suites": [],
          "passes": [
            "38e85760-c705-4a49-85db-1f2715562a99"
          ],
          "failures": [],
          "pending": [],
          "skipped": [],
          "duration": 20739,
          "root": false,
          "rootEmpty": false,
          "_timeout": 2000
        }
      ],
      "passes": [],
      "failures": [],
      "pending": [],
      "skipped": [],
      "duration": 0,
      "root": true,
      "rootEmpty": true,
      "_timeout": 2000
    },
    {
      "uuid": "77bf4e0e-4da6-44f7-922c-dd56c9dbb0ff",
      "title": "",
      "fullFile": "cypress\\e2e\\spec.cy.js",
      "file": "cypress\\e2e\\spec.cy.js",
      "beforeHooks": [],
      "afterHooks": [],
      "tests": [],
      "suites": [
        {
          "uuid": "26908875-08f6-4a3e-9106-3b42ab3820ea",
          "title": "Página de Ejemplo",
          "fullFile": "",
          "file": "",
          "beforeHooks": [],
          "afterHooks": [],
          "tests": [
            {
              "title": "Visita una página y verifica el título",
              "fullTitle": "Página de Ejemplo Visita una página y verifica el título",
              "timedOut": null,
              "duration": 624,
              "state": "passed",
              "speed": "fast",
              "pass": true,
              "fail": false,
              "pending": false,
              "context": null,
              "code": "cy.visit('https://example.cypress.io');\ncy.title().should('include', 'Cypress');",
              "err": {},
              "uuid": "4bcedffd-1b76-4e55-966e-cdc90c48443c",
              "parentUUID": "26908875-08f6-4a3e-9106-3b42ab3820ea",
              "isHook": false,
              "skipped": false
            }
          ],
          "suites": [],
          "passes": [
            "4bcedffd-1b76-4e55-966e-cdc90c48443c"
          ],
          "failures": [],
          "pending": [],
          "skipped": [],
          "duration": 624,
          "root": false,
          "rootEmpty": false,
          "_timeout": 2000
        }
      ],
      "passes": [],
      "failures": [],
      "pending": [],
      "skipped": [],
      "duration": 0,
      "root": true,
      "rootEmpty": true,
      "_timeout": 2000
    }
  ],
  "meta": {
    "mocha": {
      "version": "7.0.1"
    },
    "mochawesome": {
      "options": {
        "quiet": false,
        "reportFilename": "mochawesome",
        "saveHtml": true,
        "saveJson": true,
        "consoleReporter": "spec",
        "useInlineDiffs": false,
        "code": true
      },
      "version": "7.1.3"
    },
    "marge": {
      "options": {
        "reportDir": "cypress/reports",
        "overwrite": false,
        "html": true,
        "json": true
      },
      "version": "6.2.0"
    }
  }
}