{
  "stats": {
    "suites": 1,
    "tests": 1,
    "passes": 1,
    "pending": 0,
    "failures": 0,
    "start": "2025-02-02T00:23:44.472Z",
    "end": "2025-02-02T00:24:05.254Z",
    "duration": 20782,
    "testsRegistered": 1,
    "passPercent": 100,
    "pendingPercent": 0,
    "other": 0,
    "hasOther": false,
    "skipped": 0,
    "hasSkipped": false
  },
  "results": [
    {
      "uuid": "327cdfa5-b210-48b5-9d80-c568dbc97faf",
      "title": "",
      "fullFile": "cypress\\e2e\\test02.spect.cy.js",
      "file": "cypress\\e2e\\test02.spect.cy.js",
      "beforeHooks": [],
      "afterHooks": [],
      "tests": [],
      "suites": [
        {
          "uuid": "c1b4d019-5f10-40df-b2ee-5a37cf4d8bbe",
          "title": "Become a cutomer",
          "fullFile": "",
          "file": "",
          "beforeHooks": [],
          "afterHooks": [],
          "tests": [
            {
              "title": "Successful form registration",
              "fullTitle": "Become a cutomer Successful form registration",
              "timedOut": null,
              "duration": 20739,
              "state": "passed",
              "speed": "slow",
              "pass": true,
              "fail": false,
              "pending": false,
              "context": null,
              "code": "_Home.default.acceptOurPolicy();\n_Contact.default.clickOnBecomeAClient();\n_Contact.default.BecomeClientCreatedInTheForm();\n_Contact.default.newCustomerRegistrationEntered();\n_Home.default.goToInsightsPage();\n_Insights.default.clicOnBlog();\n_Contact.default.printAllPostTitles();",
              "err": {},
              "uuid": "38e85760-c705-4a49-85db-1f2715562a99",
              "parentUUID": "c1b4d019-5f10-40df-b2ee-5a37cf4d8bbe",
              "isHook": false,
              "skipped": false
            }
          ],
          "suites": [],
          "passes": [
            "38e85760-c705-4a49-85db-1f2715562a99"
          ],
          "failures": [],
          "pending": [],
          "skipped": [],
          "duration": 20739,
          "root": false,
          "rootEmpty": false,
          "_timeout": 2000
        }
      ],
      "passes": [],
      "failures": [],
      "pending": [],
      "skipped": [],
      "duration": 0,
      "root": true,
      "rootEmpty": true,
      "_timeout": 2000
    }
  ],
  "meta": {
    "mocha": {
      "version": "7.0.1"
    },
    "mochawesome": {
      "options": {
        "quiet": false,
        "reportFilename": "mochawesome",
        "saveHtml": true,
        "saveJson": true,
        "consoleReporter": "spec",
        "useInlineDiffs": false,
        "code": true
      },
      "version": "7.1.3"
    },
    "marge": {
      "options": {
        "reportDir": "cypress/reports",
        "overwrite": false,
        "html": true,
        "json": true
      },
      "version": "6.2.0"
    }
  }
}