{
  "stats": {
    "suites": 1,
    "tests": 1,
    "passes": 0,
    "pending": 0,
    "failures": 1,
    "start": "2025-02-02T00:23:01.939Z",
    "end": "2025-02-02T00:23:21.669Z",
    "duration": 19730,
    "testsRegistered": 1,
    "passPercent": 0,
    "pendingPercent": 0,
    "other": 0,
    "hasOther": false,
    "skipped": 0,
    "hasSkipped": false
  },
  "results": [
    {
      "uuid": "34a901e7-f001-4e2c-b3d9-833666fecae3",
      "title": "",
      "fullFile": "cypress\\e2e\\spec.cy.js",
      "file": "cypress\\e2e\\spec.cy.js",
      "beforeHooks": [],
      "afterHooks": [],
      "tests": [],
      "suites": [
        {
          "uuid": "51c05cc8-e6c8-4bdb-b202-eb32a21ab913",
          "title": "Página de Ejemplo",
          "fullFile": "",
          "file": "",
          "beforeHooks": [],
          "afterHooks": [],
          "tests": [
            {
              "title": "Visita una página y verifica el título",
              "fullTitle": "Página de Ejemplo Visita una página y verifica el título",
              "timedOut": null,
              "duration": 8639,
              "state": "failed",
              "speed": null,
              "pass": false,
              "fail": true,
              "pending": false,
              "context": null,
              "code": "cy.visit('https://example.cypress.io');\ncy.title().should('include', 'Commands').screenshot('mi-captura-exitosa');",
              "err": {
                "message": "AssertionError: Timed out retrying after 8000ms: expected 'Cypress.io: Kitchen Sink' to include 'Commands'",
                "estack": "AssertionError: Timed out retrying after 8000ms: expected 'Cypress.io: Kitchen Sink' to include 'Commands'\n    at Context.eval (webpack:///./cypress/e2e/spec.cy.js:4:15)",
                "diff": null
              },
              "uuid": "76161a0e-40c7-4917-ab3b-b4d87b280252",
              "parentUUID": "51c05cc8-e6c8-4bdb-b202-eb32a21ab913",
              "isHook": false,
              "skipped": false
            }
          ],
          "suites": [],
          "passes": [],
          "failures": [
            "76161a0e-40c7-4917-ab3b-b4d87b280252"
          ],
          "pending": [],
          "skipped": [],
          "duration": 8639,
          "root": false,
          "rootEmpty": false,
          "_timeout": 2000
        }
      ],
      "passes": [],
      "failures": [],
      "pending": [],
      "skipped": [],
      "duration": 0,
      "root": true,
      "rootEmpty": true,
      "_timeout": 2000
    }
  ],
  "meta": {
    "mocha": {
      "version": "7.0.1"
    },
    "mochawesome": {
      "options": {
        "quiet": false,
        "reportFilename": "mochawesome",
        "saveHtml": true,
        "saveJson": true,
        "consoleReporter": "spec",
        "useInlineDiffs": false,
        "code": true
      },
      "version": "7.1.3"
    },
    "marge": {
      "options": {
        "reportDir": "cypress/reports",
        "overwrite": false,
        "html": true,
        "json": true
      },
      "version": "6.2.0"
    }
  }
}