{
  "stats": {
    "suites": 1,
    "tests": 1,
    "passes": 0,
    "pending": 0,
    "failures": 1,
    "start": "2025-02-01T23:26:46.505Z",
    "end": "2025-02-01T23:26:53.164Z",
    "duration": 6659,
    "testsRegistered": 1,
    "passPercent": 0,
    "pendingPercent": 0,
    "other": 0,
    "hasOther": false,
    "skipped": 0,
    "hasSkipped": false
  },
  "results": [
    {
      "uuid": "c729ba4d-1d38-4126-9661-c9fa0d08cac5",
      "title": "",
      "fullFile": "cypress\\e2e\\spec.cy.js",
      "file": "cypress\\e2e\\spec.cy.js",
      "beforeHooks": [],
      "afterHooks": [],
      "tests": [],
      "suites": [
        {
          "uuid": "c2aa162b-2995-4a07-b154-1e72c01293b4",
          "title": "Página de Ejemplo",
          "fullFile": "",
          "file": "",
          "beforeHooks": [],
          "afterHooks": [],
          "tests": [
            {
              "title": "Visita una página y verifica el título",
              "fullTitle": "Página de Ejemplo Visita una página y verifica el título",
              "timedOut": null,
              "duration": 2068,
              "state": "failed",
              "speed": null,
              "pass": false,
              "fail": true,
              "pending": false,
              "context": null,
              "code": "cy.visit('https://example.cypress.io');\ncy.get(\".navbar-brand\").should('be.visible');",
              "err": {
                "message": "CypressError: You attempted to make a chai-jQuery assertion on an object that is neither a DOM object or a jQuery object.\n\nThe chai-jQuery assertion you used was:\n\n  > visible\n\nThe invalid subject you asserted on was:\n\n  > undefined\n\nTo use chai-jQuery assertions your subject must be valid.\n\nThis can sometimes happen if a previous assertion changed the subject.",
                "estack": "CypressError: You attempted to make a chai-jQuery assertion on an object that is neither a DOM object or a jQuery object.\n\nThe chai-jQuery assertion you used was:\n\n  > visible\n\nThe invalid subject you asserted on was:\n\n  > undefined\n\nTo use chai-jQuery assertions your subject must be valid.\n\nThis can sometimes happen if a previous assertion changed the subject.\n    at Object.onInvalid (https://example.cypress.io/__cypress/runner/cypress_runner.js:138560:68)\n    at assertDom (https://example.cypress.io/__cypress/runner/cypress_runner.js:139214:26)\n    at assert (https://example.cypress.io/__cypress/runner/cypress_runner.js:139219:5)\n    at Assertion.<anonymous> (https://example.cypress.io/__cypress/runner/cypress_runner.js:139310:14)\n    at Assertion.propertyGetter (https://example.cypress.io/__cypress/runner/cypress_runner.js:77585:29)\n    at Reflect.get (<anonymous>)\n    at Object.proxyGetter [as get] (https://example.cypress.io/__cypress/runner/cypress_runner.js:77869:22)\n    at applyChainer (https://example.cypress.io/__cypress/runner/cypress_runner.js:117844:27)\n    at <unknown> (https://example.cypress.io/__cypress/runner/cypress_runner.js:117900:16)\n    at arrayReduce (https://example.cypress.io/__cypress/runner/cypress_runner.js:18675:21)\n    at Function.reduce (https://example.cypress.io/__cypress/runner/cypress_runner.js:27727:14)\n    at applyChainers (https://example.cypress.io/__cypress/runner/cypress_runner.js:117878:68)\n    at tryCatcher (https://example.cypress.io/__cypress/runner/cypress_runner.js:1777:23)\n    at Promise.attempt.Promise.try (https://example.cypress.io/__cypress/runner/cypress_runner.js:4285:29)\n    at shouldFn (https://example.cypress.io/__cypress/runner/cypress_runner.js:117904:66)\n    at should (https://example.cypress.io/__cypress/runner/cypress_runner.js:117921:23)\n    at originalFn (https://example.cypress.io/__cypress/runner/cypress_runner.js:111048:30)\n    at Context.eval (webpack:///./cypress/support/commands.js:2:11)\n    at overridden.fn (https://example.cypress.io/__cypress/runner/cypress_runner.js:111053:21)\n    at wrapped (https://example.cypress.io/__cypress/runner/cypress_runner.js:137883:19)\nFrom Your Spec Code:\n    at captureUserInvocationStack (https://example.cypress.io/__cypress/runner/cypress_runner.js:138885:94)\n    at Assertion.assert (https://example.cypress.io/__cypress/runner/cypress_runner.js:138913:9)\n    at assertDom (https://example.cypress.io/__cypress/runner/cypress_runner.js:139212:20)\n    at assert (https://example.cypress.io/__cypress/runner/cypress_runner.js:139219:5)\n    at Assertion.<anonymous> (https://example.cypress.io/__cypress/runner/cypress_runner.js:139310:14)\n    at Assertion.propertyGetter (https://example.cypress.io/__cypress/runner/cypress_runner.js:77585:29)\nat Reflect.get (<anonymous>)\n    at Object.proxyGetter [as get] (https://example.cypress.io/__cypress/runner/cypress_runner.js:77869:22)\n    at applyChainer (https://example.cypress.io/__cypress/runner/cypress_runner.js:117844:27)\n    at <unknown> (https://example.cypress.io/__cypress/runner/cypress_runner.js:117900:16)",
                "diff": null
              },
              "uuid": "4b8196ec-2a73-4838-a564-4d68e13c9c2d",
              "parentUUID": "c2aa162b-2995-4a07-b154-1e72c01293b4",
              "isHook": false,
              "skipped": false
            }
          ],
          "suites": [],
          "passes": [],
          "failures": [
            "4b8196ec-2a73-4838-a564-4d68e13c9c2d"
          ],
          "pending": [],
          "skipped": [],
          "duration": 2068,
          "root": false,
          "rootEmpty": false,
          "_timeout": 2000
        }
      ],
      "passes": [],
      "failures": [],
      "pending": [],
      "skipped": [],
      "duration": 0,
      "root": true,
      "rootEmpty": true,
      "_timeout": 2000
    }
  ],
  "meta": {
    "mocha": {
      "version": "7.0.1"
    },
    "mochawesome": {
      "options": {
        "quiet": false,
        "reportFilename": "mochawesome",
        "saveHtml": true,
        "saveJson": true,
        "consoleReporter": "spec",
        "useInlineDiffs": false,
        "code": true
      },
      "version": "7.1.3"
    },
    "marge": {
      "options": {
        "reportDir": "cypress/reports",
        "overwrite": false,
        "html": true,
        "json": true,
        "embeddedScreenshots": true,
        "inlineAssets": true
      },
      "version": "6.2.0"
    }
  }
}