{
  "stats": {
    "suites": 1,
    "tests": 1,
    "passes": 0,
    "pending": 0,
    "failures": 1,
    "start": "2025-02-01T23:23:44.951Z",
    "end": "2025-02-01T23:23:51.704Z",
    "duration": 6753,
    "testsRegistered": 1,
    "passPercent": 0,
    "pendingPercent": 0,
    "other": 0,
    "hasOther": false,
    "skipped": 0,
    "hasSkipped": false
  },
  "results": [
    {
      "uuid": "4ac2e7ff-218c-4395-9bf2-d1e2162a6738",
      "title": "",
      "fullFile": "cypress\\e2e\\spec.cy.js",
      "file": "cypress\\e2e\\spec.cy.js",
      "beforeHooks": [],
      "afterHooks": [],
      "tests": [],
      "suites": [
        {
          "uuid": "b8c004b6-4d93-4374-887f-7fa96ec4b20f",
          "title": "Página de Ejemplo",
          "fullFile": "",
          "file": "",
          "beforeHooks": [],
          "afterHooks": [],
          "tests": [
            {
              "title": "Visita una página y verifica el título",
              "fullTitle": "Página de Ejemplo Visita una página y verifica el título",
              "timedOut": null,
              "duration": 2185,
              "state": "failed",
              "speed": null,
              "pass": false,
              "fail": true,
              "pending": false,
              "context": null,
              "code": "cy.visit('https://example.cypress.io');\ncy.title().should('include', 'Cypress.io: Kitchen Sink').screenshot('mi-captura-exitosa');",
              "err": {
                "message": "AssertionError: object tested must be an array, a map, an object, a set, a string, or a weakset, but undefined given",
                "estack": "AssertionError: object tested must be an array, a map, an object, a set, a string, or a weakset, but undefined given\n    at captureUserInvocationStack (https://example.cypress.io/__cypress/runner/cypress_runner.js:138885:94)\n    at $Cy.expect (https://example.cypress.io/__cypress/runner/cypress_runner.js:138923:7)\n    at shouldFn (https://example.cypress.io/__cypress/runner/cypress_runner.js:117807:18)\n    at should (https://example.cypress.io/__cypress/runner/cypress_runner.js:117921:23)\n    at originalFn (https://example.cypress.io/__cypress/runner/cypress_runner.js:111048:30)\n    at Context.eval (webpack:///./cypress/support/commands.js:2:11)\n    at overridden.fn (https://example.cypress.io/__cypress/runner/cypress_runner.js:111053:21)\n    at wrapped (https://example.cypress.io/__cypress/runner/cypress_runner.js:137883:19)",
                "diff": null
              },
              "uuid": "b9ccb6ba-5ee5-49a0-adb7-4f48d1f62a89",
              "parentUUID": "b8c004b6-4d93-4374-887f-7fa96ec4b20f",
              "isHook": false,
              "skipped": false
            }
          ],
          "suites": [],
          "passes": [],
          "failures": [
            "b9ccb6ba-5ee5-49a0-adb7-4f48d1f62a89"
          ],
          "pending": [],
          "skipped": [],
          "duration": 2185,
          "root": false,
          "rootEmpty": false,
          "_timeout": 2000
        }
      ],
      "passes": [],
      "failures": [],
      "pending": [],
      "skipped": [],
      "duration": 0,
      "root": true,
      "rootEmpty": true,
      "_timeout": 2000
    }
  ],
  "meta": {
    "mocha": {
      "version": "7.0.1"
    },
    "mochawesome": {
      "options": {
        "quiet": false,
        "reportFilename": "mochawesome",
        "saveHtml": true,
        "saveJson": true,
        "consoleReporter": "spec",
        "useInlineDiffs": false,
        "code": true
      },
      "version": "7.1.3"
    },
    "marge": {
      "options": {
        "reportDir": "cypress/reports",
        "overwrite": false,
        "html": true,
        "json": true,
        "embeddedScreenshots": true,
        "inlineAssets": true
      },
      "version": "6.2.0"
    }
  }
}