{
  "stats": {
    "suites": 1,
    "tests": 1,
    "passes": 0,
    "pending": 0,
    "failures": 1,
    "start": "2025-02-01T23:15:18.826Z",
    "end": "2025-02-01T23:15:25.825Z",
    "duration": 6999,
    "testsRegistered": 1,
    "passPercent": 0,
    "pendingPercent": 0,
    "other": 0,
    "hasOther": false,
    "skipped": 0,
    "hasSkipped": false
  },
  "results": [
    {
      "uuid": "fc27514c-48ac-48eb-8125-fb34f8c5ced6",
      "title": "",
      "fullFile": "cypress\\e2e\\spec.cy.js",
      "file": "cypress\\e2e\\spec.cy.js",
      "beforeHooks": [],
      "afterHooks": [],
      "tests": [],
      "suites": [
        {
          "uuid": "0642d506-c626-4bcd-a72d-f02e56b6efc9",
          "title": "Página de Ejemplo",
          "fullFile": "",
          "file": "",
          "beforeHooks": [],
          "afterHooks": [],
          "tests": [
            {
              "title": "Visita una página y verifica el título",
              "fullTitle": "Página de Ejemplo Visita una página y verifica el título",
              "timedOut": null,
              "duration": 2213,
              "state": "failed",
              "speed": null,
              "pass": false,
              "fail": true,
              "pending": false,
              "context": null,
              "code": "cy.visit('https://example.cypress.io');\ncy.title().should('include', 'Cypress');",
              "err": {
                "message": "AssertionError: object tested must be an array, a map, an object, a set, a string, or a weakset, but undefined given",
                "estack": "AssertionError: object tested must be an array, a map, an object, a set, a string, or a weakset, but undefined given\n    at captureUserInvocationStack (https://example.cypress.io/__cypress/runner/cypress_runner.js:138885:94)\n    at $Cy.expect (https://example.cypress.io/__cypress/runner/cypress_runner.js:138923:7)\n    at shouldFn (https://example.cypress.io/__cypress/runner/cypress_runner.js:117807:18)\n    at should (https://example.cypress.io/__cypress/runner/cypress_runner.js:117921:23)\n    at originalFn (https://example.cypress.io/__cypress/runner/cypress_runner.js:111048:30)\n    at Context.eval (webpack:///./cypress/support/commands.js:2:11)\n    at overridden.fn (https://example.cypress.io/__cypress/runner/cypress_runner.js:111053:21)\n    at wrapped (https://example.cypress.io/__cypress/runner/cypress_runner.js:137883:19)",
                "diff": null
              },
              "uuid": "65515a61-7ad6-4bc3-8f04-000d8f2b7960",
              "parentUUID": "0642d506-c626-4bcd-a72d-f02e56b6efc9",
              "isHook": false,
              "skipped": false
            }
          ],
          "suites": [],
          "passes": [],
          "failures": [
            "65515a61-7ad6-4bc3-8f04-000d8f2b7960"
          ],
          "pending": [],
          "skipped": [],
          "duration": 2213,
          "root": false,
          "rootEmpty": false,
          "_timeout": 2000
        }
      ],
      "passes": [],
      "failures": [],
      "pending": [],
      "skipped": [],
      "duration": 0,
      "root": true,
      "rootEmpty": true,
      "_timeout": 2000
    }
  ],
  "meta": {
    "mocha": {
      "version": "7.0.1"
    },
    "mochawesome": {
      "options": {
        "quiet": false,
        "reportFilename": "mochawesome",
        "saveHtml": true,
        "saveJson": true,
        "consoleReporter": "spec",
        "useInlineDiffs": false,
        "code": true
      },
      "version": "7.1.3"
    },
    "marge": {
      "options": {
        "reportDir": "cypress/reports",
        "overwrite": false,
        "html": true,
        "json": true
      },
      "version": "6.2.0"
    }
  }
}